<?xml version="1.0" encoding="UTF-8"?>
<!-- Generated by org.testng.reporters.JUnitReportReporter -->
<testsuite hostname="DESKTOP-MICROCENTER" failures="0" tests="1" name="com.side.project.dryrunTest" time="8.356" errors="0" timestamp="2023-11-01T20:51:51 CDT" skipped="0">
  <testcase classname="com.side.project.dryrunTest" name="OpenSite" time="8.356"/>
  <system-out/>
</testsuite> <!-- com.side.project.dryrunTest -->
